info: Server started at http://localhost:3000/api/v1/ {"timestamp":"2023-09-02T08:33:51.896Z"}
info: Connected to the database. {"timestamp":"2023-09-02T08:33:54.701Z"}
info: Server started at http://localhost:3000/api/v1/ {"timestamp":"2023-09-03T17:14:21.404Z"}
info: Connected to the database. {"timestamp":"2023-09-03T17:14:23.892Z"}
info: Server started at http://localhost:3000/api/v1/ {"timestamp":"2023-09-03T17:27:47.478Z"}
info: Connected to the database. {"timestamp":"2023-09-03T17:27:50.704Z"}
info: Server started at http://localhost:3000/api/v1/ {"timestamp":"2023-09-03T17:28:03.535Z"}
info: Connected to the database. {"timestamp":"2023-09-03T17:28:05.852Z"}
info: Server started at http://localhost:3000/api/v1/ {"timestamp":"2023-09-03T17:28:26.500Z"}
info: Connected to the database. {"timestamp":"2023-09-03T17:28:28.796Z"}
info: Server started at http://localhost:3000/api/v1/ {"timestamp":"2023-09-03T18:25:40.371Z"}
info: Server started at http://localhost:3000/api/v1/ {"timestamp":"2023-09-03T18:30:38.985Z"}
error: 
    status - 500 
    message - ReferenceError: bcrypt is not defined
    at _callee$ (/home/user/CFPWorkSpace/neo4j-Project/neo4j-project./src/services/user.service.js:9:24)
    at tryCatch (/home/user/CFPWorkSpace/neo4j-Project/neo4j-project./node_modules/@babel/runtime/helpers/regeneratorRuntime.js:45:16)
    at Generator.<anonymous> (/home/user/CFPWorkSpace/neo4j-Project/neo4j-project./node_modules/@babel/runtime/helpers/regeneratorRuntime.js:133:17)
    at Generator.next (/home/user/CFPWorkSpace/neo4j-Project/neo4j-project./node_modules/@babel/runtime/helpers/regeneratorRuntime.js:74:21)
    at asyncGeneratorStep (/home/user/CFPWorkSpace/neo4j-Project/neo4j-project./node_modules/@babel/runtime/helpers/asyncToGenerator.js:3:24)
    at _next (/home/user/CFPWorkSpace/neo4j-Project/neo4j-project./node_modules/@babel/runtime/helpers/asyncToGenerator.js:22:9)
    at /home/user/CFPWorkSpace/neo4j-Project/neo4j-project./node_modules/@babel/runtime/helpers/asyncToGenerator.js:27:7
    at new Promise (<anonymous>)
    at Object.apply (/home/user/CFPWorkSpace/neo4j-Project/neo4j-project./node_modules/@babel/runtime/helpers/asyncToGenerator.js:19:12)
    at Object.registerNewUser (/home/user/CFPWorkSpace/neo4j-Project/neo4j-project./src/services/user.service.js:5:29)
    at _callee$ (/home/user/CFPWorkSpace/neo4j-Project/neo4j-project./src/controllers/user.controller.js:13:36)
    at tryCatch (/home/user/CFPWorkSpace/neo4j-Project/neo4j-project./node_modules/@babel/runtime/helpers/regeneratorRuntime.js:45:16)
    at Generator.<anonymous> (/home/user/CFPWorkSpace/neo4j-Project/neo4j-project./node_modules/@babel/runtime/helpers/regeneratorRuntime.js:133:17)
    at Generator.next (/home/user/CFPWorkSpace/neo4j-Project/neo4j-project./node_modules/@babel/runtime/helpers/regeneratorRuntime.js:74:21)
    at asyncGeneratorStep (/home/user/CFPWorkSpace/neo4j-Project/neo4j-project./node_modules/@babel/runtime/helpers/asyncToGenerator.js:3:24)
    at _next (/home/user/CFPWorkSpace/neo4j-Project/neo4j-project./node_modules/@babel/runtime/helpers/asyncToGenerator.js:22:9)
    at /home/user/CFPWorkSpace/neo4j-Project/neo4j-project./node_modules/@babel/runtime/helpers/asyncToGenerator.js:27:7
    at new Promise (<anonymous>)
    at apply (/home/user/CFPWorkSpace/neo4j-Project/neo4j-project./node_modules/@babel/runtime/helpers/asyncToGenerator.js:19:12)
    at registerNewUser (/home/user/CFPWorkSpace/neo4j-Project/neo4j-project./src/controllers/user.controller.js:11:29)
    at Layer.handle [as handle_request] (/home/user/CFPWorkSpace/neo4j-Project/neo4j-project./node_modules/express/lib/router/layer.js:95:5)
    at next (/home/user/CFPWorkSpace/neo4j-Project/neo4j-project./node_modules/express/lib/router/route.js:144:13)
    at Route.dispatch (/home/user/CFPWorkSpace/neo4j-Project/neo4j-project./node_modules/express/lib/router/route.js:114:3)
    at Layer.handle [as handle_request] (/home/user/CFPWorkSpace/neo4j-Project/neo4j-project./node_modules/express/lib/router/layer.js:95:5)
    at /home/user/CFPWorkSpace/neo4j-Project/neo4j-project./node_modules/express/lib/router/index.js:284:15
    at Function.process_params (/home/user/CFPWorkSpace/neo4j-Project/neo4j-project./node_modules/express/lib/router/index.js:346:12)
    at next (/home/user/CFPWorkSpace/neo4j-Project/neo4j-project./node_modules/express/lib/router/index.js:280:10)
    at Function.handle (/home/user/CFPWorkSpace/neo4j-Project/neo4j-project./node_modules/express/lib/router/index.js:175:3)
    at router (/home/user/CFPWorkSpace/neo4j-Project/neo4j-project./node_modules/express/lib/router/index.js:47:12)
    at Layer.handle [as handle_request] (/home/user/CFPWorkSpace/neo4j-Project/neo4j-project./node_modules/express/lib/router/layer.js:95:5)
    at trim_prefix (/home/user/CFPWorkSpace/neo4j-Project/neo4j-project./node_modules/express/lib/router/index.js:328:13)
    at /home/user/CFPWorkSpace/neo4j-Project/neo4j-project./node_modules/express/lib/router/index.js:286:9
    at Function.process_params (/home/user/CFPWorkSpace/neo4j-Project/neo4j-project./node_modules/express/lib/router/index.js:346:12)
    at next (/home/user/CFPWorkSpace/neo4j-Project/neo4j-project./node_modules/express/lib/router/index.js:280:10)
    at Function.handle (/home/user/CFPWorkSpace/neo4j-Project/neo4j-project./node_modules/express/lib/router/index.js:175:3)
    at router (/home/user/CFPWorkSpace/neo4j-Project/neo4j-project./node_modules/express/lib/router/index.js:47:12)
    at Layer.handle [as handle_request] (/home/user/CFPWorkSpace/neo4j-Project/neo4j-project./node_modules/express/lib/router/layer.js:95:5)
    at trim_prefix (/home/user/CFPWorkSpace/neo4j-Project/neo4j-project./node_modules/express/lib/router/index.js:328:13)
    at /home/user/CFPWorkSpace/neo4j-Project/neo4j-project./node_modules/express/lib/router/index.js:286:9
    at Function.process_params (/home/user/CFPWorkSpace/neo4j-Project/neo4j-project./node_modules/express/lib/router/index.js:346:12)
    at next (/home/user/CFPWorkSpace/neo4j-Project/neo4j-project./node_modules/express/lib/router/index.js:280:10)
    at logger (/home/user/CFPWorkSpace/neo4j-Project/neo4j-project./node_modules/morgan/index.js:144:5)
    at Layer.handle [as handle_request] (/home/user/CFPWorkSpace/neo4j-Project/neo4j-project./node_modules/express/lib/router/layer.js:95:5)
    at trim_prefix (/home/user/CFPWorkSpace/neo4j-Project/neo4j-project./node_modules/express/lib/router/index.js:328:13)
    at /home/user/CFPWorkSpace/neo4j-Project/neo4j-project./node_modules/express/lib/router/index.js:286:9
    at Function.process_params (/home/user/CFPWorkSpace/neo4j-Project/neo4j-project./node_modules/express/lib/router/index.js:346:12)
    at next (/home/user/CFPWorkSpace/neo4j-Project/neo4j-project./node_modules/express/lib/router/index.js:280:10)
    at /home/user/CFPWorkSpace/neo4j-Project/neo4j-project./node_modules/body-parser/lib/read.js:137:5
    at AsyncResource.runInAsyncScope (node:async_hooks:203:9)
    at invokeCallback (/home/user/CFPWorkSpace/neo4j-Project/neo4j-project./node_modules/raw-body/index.js:231:16) 
    url - /api/v1/users 
    method - POST 
    IP - ::ffff:127.0.0.1
   {"timestamp":"2023-09-03T18:33:10.771Z"}
info: Server started at http://localhost:3000/api/v1/ {"timestamp":"2023-09-03T18:33:44.233Z"}
info: Server started at http://localhost:3000/api/v1/ {"timestamp":"2023-09-03T18:33:57.368Z"}
error: 
    status - 500 
    message - ReferenceError: username is not defined
    at _callee$ (/home/user/CFPWorkSpace/neo4j-Project/neo4j-project./src/services/user.service.js:15:7)
    at tryCatch (/home/user/CFPWorkSpace/neo4j-Project/neo4j-project./node_modules/@babel/runtime/helpers/regeneratorRuntime.js:45:16)
    at Generator.<anonymous> (/home/user/CFPWorkSpace/neo4j-Project/neo4j-project./node_modules/@babel/runtime/helpers/regeneratorRuntime.js:133:17)
    at Generator.next (/home/user/CFPWorkSpace/neo4j-Project/neo4j-project./node_modules/@babel/runtime/helpers/regeneratorRuntime.js:74:21)
    at asyncGeneratorStep (/home/user/CFPWorkSpace/neo4j-Project/neo4j-project./node_modules/@babel/runtime/helpers/asyncToGenerator.js:3:24)
    at _next (/home/user/CFPWorkSpace/neo4j-Project/neo4j-project./node_modules/@babel/runtime/helpers/asyncToGenerator.js:22:9) 
    url - /api/v1/users 
    method - POST 
    IP - ::ffff:127.0.0.1
   {"timestamp":"2023-09-03T18:34:04.260Z"}
info: Server started at http://localhost:3000/api/v1/ {"timestamp":"2023-09-03T18:34:33.761Z"}
error: 
    status - 500 
    message - ReferenceError: username is not defined
    at _callee$ (/home/user/CFPWorkSpace/neo4j-Project/neo4j-project./src/services/user.service.js:15:7)
    at tryCatch (/home/user/CFPWorkSpace/neo4j-Project/neo4j-project./node_modules/@babel/runtime/helpers/regeneratorRuntime.js:45:16)
    at Generator.<anonymous> (/home/user/CFPWorkSpace/neo4j-Project/neo4j-project./node_modules/@babel/runtime/helpers/regeneratorRuntime.js:133:17)
    at Generator.next (/home/user/CFPWorkSpace/neo4j-Project/neo4j-project./node_modules/@babel/runtime/helpers/regeneratorRuntime.js:74:21)
    at asyncGeneratorStep (/home/user/CFPWorkSpace/neo4j-Project/neo4j-project./node_modules/@babel/runtime/helpers/asyncToGenerator.js:3:24)
    at _next (/home/user/CFPWorkSpace/neo4j-Project/neo4j-project./node_modules/@babel/runtime/helpers/asyncToGenerator.js:22:9) 
    url - /api/v1/users 
    method - POST 
    IP - ::ffff:127.0.0.1
   {"timestamp":"2023-09-03T18:34:38.066Z"}
info: Server started at http://localhost:3000/api/v1/ {"timestamp":"2023-09-03T18:35:10.775Z"}
info: Server started at http://localhost:3000/api/v1/ {"timestamp":"2023-09-03T18:35:26.029Z"}
info: Server started at http://localhost:3000/api/v1/ {"timestamp":"2023-09-03T18:35:27.825Z"}
error: 
    status - 500 
    message - ReferenceError: username is not defined
    at _callee$ (/home/user/CFPWorkSpace/neo4j-Project/neo4j-project./src/services/user.service.js:15:7)
    at tryCatch (/home/user/CFPWorkSpace/neo4j-Project/neo4j-project./node_modules/@babel/runtime/helpers/regeneratorRuntime.js:45:16)
    at Generator.<anonymous> (/home/user/CFPWorkSpace/neo4j-Project/neo4j-project./node_modules/@babel/runtime/helpers/regeneratorRuntime.js:133:17)
    at Generator.next (/home/user/CFPWorkSpace/neo4j-Project/neo4j-project./node_modules/@babel/runtime/helpers/regeneratorRuntime.js:74:21)
    at asyncGeneratorStep (/home/user/CFPWorkSpace/neo4j-Project/neo4j-project./node_modules/@babel/runtime/helpers/asyncToGenerator.js:3:24)
    at _next (/home/user/CFPWorkSpace/neo4j-Project/neo4j-project./node_modules/@babel/runtime/helpers/asyncToGenerator.js:22:9) 
    url - /api/v1/users 
    method - POST 
    IP - ::ffff:127.0.0.1
   {"timestamp":"2023-09-03T18:35:30.404Z"}
info: Server started at http://localhost:3000/api/v1/ {"timestamp":"2023-09-03T18:35:54.389Z"}
error: 
    status - 500 
    message - TypeError: _neo4jDriver.session.run is not a function
    at _callee$ (/home/user/CFPWorkSpace/neo4j-Project/neo4j-project./src/services/user.service.js:13:44)
    at tryCatch (/home/user/CFPWorkSpace/neo4j-Project/neo4j-project./node_modules/@babel/runtime/helpers/regeneratorRuntime.js:45:16)
    at Generator.<anonymous> (/home/user/CFPWorkSpace/neo4j-Project/neo4j-project./node_modules/@babel/runtime/helpers/regeneratorRuntime.js:133:17)
    at Generator.next (/home/user/CFPWorkSpace/neo4j-Project/neo4j-project./node_modules/@babel/runtime/helpers/regeneratorRuntime.js:74:21)
    at asyncGeneratorStep (/home/user/CFPWorkSpace/neo4j-Project/neo4j-project./node_modules/@babel/runtime/helpers/asyncToGenerator.js:3:24)
    at _next (/home/user/CFPWorkSpace/neo4j-Project/neo4j-project./node_modules/@babel/runtime/helpers/asyncToGenerator.js:22:9) 
    url - /api/v1/users 
    method - POST 
    IP - ::ffff:127.0.0.1
   {"timestamp":"2023-09-03T18:35:59.725Z"}
info: Server started at http://localhost:3000/api/v1/ {"timestamp":"2023-09-03T18:38:41.601Z"}
error: 
    status - 500 
    message - Neo4jError: Expected parameter(s): hasedPassword
: 
    at captureStacktrace (/home/user/CFPWorkSpace/neo4j-Project/neo4j-project./node_modules/neo4j-driver-core/lib/result.js:611:17)
    at new Result (/home/user/CFPWorkSpace/neo4j-Project/neo4j-project./node_modules/neo4j-driver-core/lib/result.js:105:23)
    at Session._run (/home/user/CFPWorkSpace/neo4j-Project/neo4j-project./node_modules/neo4j-driver-core/lib/session.js:230:16)
    at Session.run (/home/user/CFPWorkSpace/neo4j-Project/neo4j-project./node_modules/neo4j-driver-core/lib/session.js:180:27)
    at _callee$ (/home/user/CFPWorkSpace/neo4j-Project/neo4j-project./src/services/user.service.js:24:42)
    at tryCatch (/home/user/CFPWorkSpace/neo4j-Project/neo4j-project./node_modules/@babel/runtime/helpers/regeneratorRuntime.js:45:16)
    at Generator.<anonymous> (/home/user/CFPWorkSpace/neo4j-Project/neo4j-project./node_modules/@babel/runtime/helpers/regeneratorRuntime.js:133:17)
    at Generator.next (/home/user/CFPWorkSpace/neo4j-Project/neo4j-project./node_modules/@babel/runtime/helpers/regeneratorRuntime.js:74:21)
    at asyncGeneratorStep (/home/user/CFPWorkSpace/neo4j-Project/neo4j-project./node_modules/@babel/runtime/helpers/asyncToGenerator.js:3:24)
    at _next (/home/user/CFPWorkSpace/neo4j-Project/neo4j-project./node_modules/@babel/runtime/helpers/asyncToGenerator.js:22:9)
    at processTicksAndRejections (node:internal/process/task_queues:96:5) 
    url - /api/v1/users 
    method - POST 
    IP - ::ffff:127.0.0.1
   {"timestamp":"2023-09-03T18:38:50.045Z"}
info: Server started at http://localhost:3000/api/v1/ {"timestamp":"2023-09-03T18:40:22.352Z"}
error: 
    status - 500 
    message - Error: Username already exists
    at _callee$ (/home/user/CFPWorkSpace/neo4j-Project/neo4j-project./src/services/user.service.js:19:11)
    at tryCatch (/home/user/CFPWorkSpace/neo4j-Project/neo4j-project./node_modules/@babel/runtime/helpers/regeneratorRuntime.js:45:16)
    at Generator.<anonymous> (/home/user/CFPWorkSpace/neo4j-Project/neo4j-project./node_modules/@babel/runtime/helpers/regeneratorRuntime.js:133:17)
    at Generator.next (/home/user/CFPWorkSpace/neo4j-Project/neo4j-project./node_modules/@babel/runtime/helpers/regeneratorRuntime.js:74:21)
    at asyncGeneratorStep (/home/user/CFPWorkSpace/neo4j-Project/neo4j-project./node_modules/@babel/runtime/helpers/asyncToGenerator.js:3:24)
    at _next (/home/user/CFPWorkSpace/neo4j-Project/neo4j-project./node_modules/@babel/runtime/helpers/asyncToGenerator.js:22:9)
    at processTicksAndRejections (node:internal/process/task_queues:96:5) 
    url - /api/v1/users 
    method - POST 
    IP - ::ffff:127.0.0.1
   {"timestamp":"2023-09-03T18:40:35.784Z"}
info: Server started at http://localhost:3000/api/v1/ {"timestamp":"2023-09-03T18:40:53.422Z"}
info: Server started at http://localhost:3000/api/v1/ {"timestamp":"2023-09-03T18:41:12.833Z"}
info: Server started at http://localhost:3000/api/v1/ {"timestamp":"2023-09-03T18:41:33.085Z"}
info: Server started at http://localhost:3000/api/v1/ {"timestamp":"2023-09-03T18:42:45.303Z"}
info: Server started at http://localhost:3000/api/v1/ {"timestamp":"2023-09-03T18:42:56.223Z"}
info: Server started at http://localhost:3000/api/v1/ {"timestamp":"2023-09-03T18:43:59.376Z"}
info: Server started at http://localhost:3000/api/v1/ {"timestamp":"2023-09-03T18:44:22.604Z"}
info: Server started at http://localhost:3000/api/v1/ {"timestamp":"2023-09-03T18:45:15.553Z"}
info: Server started at http://localhost:3000/api/v1/ {"timestamp":"2023-09-03T18:45:33.068Z"}
info: Server started at http://localhost:3000/api/v1/ {"timestamp":"2023-09-04T03:54:06.302Z"}
info: Server started at http://localhost:3000/api/v1/ {"timestamp":"2023-09-04T04:01:30.924Z"}
info: Server started at http://localhost:3000/api/v1/ {"timestamp":"2023-09-04T04:04:12.436Z"}
info: Server started at http://localhost:3000/api/v1/ {"timestamp":"2023-09-04T04:07:26.384Z"}
info: Server started at http://localhost:3000/api/v1/ {"timestamp":"2023-09-04T04:08:28.930Z"}
info: Server started at http://localhost:3000/api/v1/ {"timestamp":"2023-09-04T04:13:35.701Z"}
info: Server started at http://localhost:3000/api/v1/ {"timestamp":"2023-09-04T04:13:57.610Z"}
info: Server started at http://localhost:3000/api/v1/ {"timestamp":"2023-09-04T04:14:14.200Z"}
info: Server started at http://localhost:3000/api/v1/ {"timestamp":"2023-09-04T04:14:55.437Z"}
info: Server started at http://localhost:3000/api/v1/ {"timestamp":"2023-09-05T10:39:11.684Z"}
info: Server started at http://localhost:3000/api/v1/ {"timestamp":"2023-09-05T10:39:56.713Z"}
info: Server started at http://localhost:3000/api/v1/ {"timestamp":"2023-09-05T10:41:24.001Z"}
info: Server started at http://localhost:3000/api/v1/ {"timestamp":"2023-09-05T10:41:31.458Z"}
info: Server started at http://localhost:3000/api/v1/ {"timestamp":"2023-09-05T10:41:47.145Z"}
info: Server started at http://localhost:3000/api/v1/ {"timestamp":"2023-09-05T10:42:14.286Z"}
info: Server started at http://localhost:3000/api/v1/ {"timestamp":"2023-09-05T10:42:43.280Z"}
info: Server started at http://localhost:3000/api/v1/ {"timestamp":"2023-09-05T10:43:04.976Z"}
info: Server started at http://localhost:3000/api/v1/ {"timestamp":"2023-09-05T10:43:16.681Z"}
info: Server started at http://localhost:3000/api/v1/ {"timestamp":"2023-09-05T10:44:46.284Z"}
info: Server started at http://localhost:3000/api/v1/ {"timestamp":"2023-09-05T10:45:41.907Z"}
info: Server started at http://localhost:3000/api/v1/ {"timestamp":"2023-09-05T10:45:51.941Z"}
info: Server started at http://localhost:3000/api/v1/ {"timestamp":"2023-09-05T10:46:02.270Z"}
info: Server started at http://localhost:3000/api/v1/ {"timestamp":"2023-09-05T10:46:39.483Z"}
info: Server started at http://localhost:3000/api/v1/ {"timestamp":"2023-09-05T10:47:30.444Z"}
info: Server started at http://localhost:3000/api/v1/ {"timestamp":"2023-09-05T10:47:51.577Z"}
info: Server started at http://localhost:3000/api/v1/ {"timestamp":"2023-09-05T10:48:13.387Z"}
info: Server started at http://localhost:3000/api/v1/ {"timestamp":"2023-09-05T10:48:47.943Z"}
info: Server started at http://localhost:3000/api/v1/ {"timestamp":"2023-09-05T10:49:31.920Z"}
info: Server started at http://localhost:3000/api/v1/ {"timestamp":"2023-09-05T10:50:23.313Z"}
info: Server started at http://localhost:3000/api/v1/ {"timestamp":"2023-09-05T10:50:31.153Z"}
info: Server started at http://localhost:3000/api/v1/ {"timestamp":"2023-09-05T10:50:59.649Z"}
info: Server started at http://localhost:3000/api/v1/ {"timestamp":"2023-09-05T10:51:39.285Z"}
info: Server started at http://localhost:3000/api/v1/ {"timestamp":"2023-09-05T10:52:07.279Z"}
info: Server started at http://localhost:3000/api/v1/ {"timestamp":"2023-09-05T10:53:12.784Z"}
info: Server started at http://localhost:3000/api/v1/ {"timestamp":"2023-09-05T10:54:12.852Z"}
info: Server started at http://localhost:3000/api/v1/ {"timestamp":"2023-09-05T10:54:24.677Z"}
info: Server started at http://localhost:3000/api/v1/ {"timestamp":"2023-09-05T10:54:49.608Z"}
info: Server started at http://localhost:3000/api/v1/ {"timestamp":"2023-09-05T12:28:56.946Z"}
error: 
    status - 500 
    message - ReferenceError: HttpStatus is not defined
    at newUserValidator (/home/user/CFPWorkSpace/neo4j-Project/neo4j-project./src/validators/user.validator.js:12:16)
    at Layer.handle [as handle_request] (/home/user/CFPWorkSpace/neo4j-Project/neo4j-project./node_modules/express/lib/router/layer.js:95:5)
    at next (/home/user/CFPWorkSpace/neo4j-Project/neo4j-project./node_modules/express/lib/router/route.js:144:13)
    at Route.dispatch (/home/user/CFPWorkSpace/neo4j-Project/neo4j-project./node_modules/express/lib/router/route.js:114:3)
    at Layer.handle [as handle_request] (/home/user/CFPWorkSpace/neo4j-Project/neo4j-project./node_modules/express/lib/router/layer.js:95:5)
    at /home/user/CFPWorkSpace/neo4j-Project/neo4j-project./node_modules/express/lib/router/index.js:284:15
    at Function.process_params (/home/user/CFPWorkSpace/neo4j-Project/neo4j-project./node_modules/express/lib/router/index.js:346:12)
    at next (/home/user/CFPWorkSpace/neo4j-Project/neo4j-project./node_modules/express/lib/router/index.js:280:10)
    at Function.handle (/home/user/CFPWorkSpace/neo4j-Project/neo4j-project./node_modules/express/lib/router/index.js:175:3)
    at router (/home/user/CFPWorkSpace/neo4j-Project/neo4j-project./node_modules/express/lib/router/index.js:47:12)
    at Layer.handle [as handle_request] (/home/user/CFPWorkSpace/neo4j-Project/neo4j-project./node_modules/express/lib/router/layer.js:95:5)
    at trim_prefix (/home/user/CFPWorkSpace/neo4j-Project/neo4j-project./node_modules/express/lib/router/index.js:328:13)
    at /home/user/CFPWorkSpace/neo4j-Project/neo4j-project./node_modules/express/lib/router/index.js:286:9
    at Function.process_params (/home/user/CFPWorkSpace/neo4j-Project/neo4j-project./node_modules/express/lib/router/index.js:346:12)
    at next (/home/user/CFPWorkSpace/neo4j-Project/neo4j-project./node_modules/express/lib/router/index.js:280:10)
    at Function.handle (/home/user/CFPWorkSpace/neo4j-Project/neo4j-project./node_modules/express/lib/router/index.js:175:3)
    at router (/home/user/CFPWorkSpace/neo4j-Project/neo4j-project./node_modules/express/lib/router/index.js:47:12)
    at Layer.handle [as handle_request] (/home/user/CFPWorkSpace/neo4j-Project/neo4j-project./node_modules/express/lib/router/layer.js:95:5)
    at trim_prefix (/home/user/CFPWorkSpace/neo4j-Project/neo4j-project./node_modules/express/lib/router/index.js:328:13)
    at /home/user/CFPWorkSpace/neo4j-Project/neo4j-project./node_modules/express/lib/router/index.js:286:9
    at Function.process_params (/home/user/CFPWorkSpace/neo4j-Project/neo4j-project./node_modules/express/lib/router/index.js:346:12)
    at next (/home/user/CFPWorkSpace/neo4j-Project/neo4j-project./node_modules/express/lib/router/index.js:280:10)
    at logger (/home/user/CFPWorkSpace/neo4j-Project/neo4j-project./node_modules/morgan/index.js:144:5)
    at Layer.handle [as handle_request] (/home/user/CFPWorkSpace/neo4j-Project/neo4j-project./node_modules/express/lib/router/layer.js:95:5)
    at trim_prefix (/home/user/CFPWorkSpace/neo4j-Project/neo4j-project./node_modules/express/lib/router/index.js:328:13)
    at /home/user/CFPWorkSpace/neo4j-Project/neo4j-project./node_modules/express/lib/router/index.js:286:9
    at Function.process_params (/home/user/CFPWorkSpace/neo4j-Project/neo4j-project./node_modules/express/lib/router/index.js:346:12)
    at next (/home/user/CFPWorkSpace/neo4j-Project/neo4j-project./node_modules/express/lib/router/index.js:280:10)
    at /home/user/CFPWorkSpace/neo4j-Project/neo4j-project./node_modules/body-parser/lib/read.js:137:5
    at AsyncResource.runInAsyncScope (node:async_hooks:203:9)
    at invokeCallback (/home/user/CFPWorkSpace/neo4j-Project/neo4j-project./node_modules/raw-body/index.js:231:16)
    at done (/home/user/CFPWorkSpace/neo4j-Project/neo4j-project./node_modules/raw-body/index.js:220:7)
    at IncomingMessage.onEnd (/home/user/CFPWorkSpace/neo4j-Project/neo4j-project./node_modules/raw-body/index.js:280:7)
    at IncomingMessage.emit (node:events:525:35)
    at IncomingMessage.emit (node:domain:489:12)
    at endReadableNT (node:internal/streams/readable:1358:12)
    at processTicksAndRejections (node:internal/process/task_queues:83:21) 
    url - /api/v1/users 
    method - POST 
    IP - ::ffff:127.0.0.1
   {"timestamp":"2023-09-05T12:29:35.381Z"}
info: Server started at http://localhost:3000/api/v1/ {"timestamp":"2023-09-05T12:31:26.277Z"}
info: Server started at http://localhost:3000/api/v1/ {"timestamp":"2023-09-05T12:34:57.755Z"}
info: Server started at http://localhost:3000/api/v1/ {"timestamp":"2023-09-05T12:36:08.400Z"}
info: Server started at http://localhost:3000/api/v1/ {"timestamp":"2023-09-05T12:37:25.427Z"}
info: Server started at http://localhost:3000/api/v1/ {"timestamp":"2023-09-05T12:37:45.328Z"}
info: Server started at http://localhost:3000/api/v1/ {"timestamp":"2023-09-05T12:38:11.483Z"}
info: Server started at http://localhost:3000/api/v1/ {"timestamp":"2023-09-05T12:38:23.326Z"}
info: Server started at http://localhost:3000/api/v1/ {"timestamp":"2023-09-05T12:39:21.203Z"}
info: Server started at http://localhost:3000/api/v1/ {"timestamp":"2023-09-05T12:39:45.400Z"}
info: Server started at http://localhost:3000/api/v1/ {"timestamp":"2023-09-05T12:40:26.877Z"}
info: Server started at http://localhost:3000/api/v1/ {"timestamp":"2023-09-05T12:42:13.101Z"}
info: Server started at http://localhost:3000/api/v1/ {"timestamp":"2023-09-05T12:42:20.277Z"}
error: uncaughtException: listen EADDRINUSE: address already in use :::3000
Error: listen EADDRINUSE: address already in use :::3000
    at Server.setupListenHandle [as _listen2] (node:net:1463:16)
    at listenInCluster (node:net:1511:12)
    at Server.listen (node:net:1599:7)
    at Function.listen (/home/user/CFPWorkSpace/neo4j-Project/neo4j-project./node_modules/express/lib/application.js:635:24)
    at Object.<anonymous> (/home/user/CFPWorkSpace/neo4j-Project/neo4j-project./src/index.js:36:5)
    at Module._compile (node:internal/modules/cjs/loader:1198:14)
    at Module._compile (/home/user/CFPWorkSpace/neo4j-Project/neo4j-project./node_modules/pirates/lib/index.js:117:24)
    at Module._extensions..js (node:internal/modules/cjs/loader:1252:10)
    at Object.newLoader [as .js] (/home/user/CFPWorkSpace/neo4j-Project/neo4j-project./node_modules/pirates/lib/index.js:121:7)
    at Module.load (node:internal/modules/cjs/loader:1076:32)
    at Function.Module._load (node:internal/modules/cjs/loader:911:12)
    at Function.runMain (node:internal/modules/run_main:81:12)
    at Object.<anonymous> (/home/user/CFPWorkSpace/neo4j-Project/neo4j-project./node_modules/@babel/node/src/_babel-node.ts:222:12)
    at Module._compile (node:internal/modules/cjs/loader:1198:14)
    at Object.Module._extensions..js (node:internal/modules/cjs/loader:1252:10)
    at Module.load (node:internal/modules/cjs/loader:1076:32)
    at Function.Module._load (node:internal/modules/cjs/loader:911:12)
    at Function.executeUserEntryPoint [as runMain] (node:internal/modules/run_main:81:12)
    at node:internal/main/run_main_module:22:47 {"date":"Wed Sep 06 2023 15:06:32 GMT+0530 (India Standard Time)","error":{"address":"::","code":"EADDRINUSE","errno":-98,"port":3000,"syscall":"listen"},"exception":true,"os":{"loadavg":[1.1,1.13,0.79],"uptime":316065.99},"process":{"argv":["node","/home/user/CFPWorkSpace/neo4j-Project/neo4j-project./src/index.js"],"cwd":"/home/user/CFPWorkSpace/neo4j-Project/neo4j-project.","execPath":"/usr/bin/node","gid":1000,"memoryUsage":{"arrayBuffers":995993,"external":9729485,"heapTotal":86929408,"heapUsed":58576552,"rss":140607488},"pid":79126,"uid":1000,"version":"v16.20.2"},"stack":"Error: listen EADDRINUSE: address already in use :::3000\n    at Server.setupListenHandle [as _listen2] (node:net:1463:16)\n    at listenInCluster (node:net:1511:12)\n    at Server.listen (node:net:1599:7)\n    at Function.listen (/home/user/CFPWorkSpace/neo4j-Project/neo4j-project./node_modules/express/lib/application.js:635:24)\n    at Object.<anonymous> (/home/user/CFPWorkSpace/neo4j-Project/neo4j-project./src/index.js:36:5)\n    at Module._compile (node:internal/modules/cjs/loader:1198:14)\n    at Module._compile (/home/user/CFPWorkSpace/neo4j-Project/neo4j-project./node_modules/pirates/lib/index.js:117:24)\n    at Module._extensions..js (node:internal/modules/cjs/loader:1252:10)\n    at Object.newLoader [as .js] (/home/user/CFPWorkSpace/neo4j-Project/neo4j-project./node_modules/pirates/lib/index.js:121:7)\n    at Module.load (node:internal/modules/cjs/loader:1076:32)\n    at Function.Module._load (node:internal/modules/cjs/loader:911:12)\n    at Function.runMain (node:internal/modules/run_main:81:12)\n    at Object.<anonymous> (/home/user/CFPWorkSpace/neo4j-Project/neo4j-project./node_modules/@babel/node/src/_babel-node.ts:222:12)\n    at Module._compile (node:internal/modules/cjs/loader:1198:14)\n    at Object.Module._extensions..js (node:internal/modules/cjs/loader:1252:10)\n    at Module.load (node:internal/modules/cjs/loader:1076:32)\n    at Function.Module._load (node:internal/modules/cjs/loader:911:12)\n    at Function.executeUserEntryPoint [as runMain] (node:internal/modules/run_main:81:12)\n    at node:internal/main/run_main_module:22:47","timestamp":"2023-09-06T09:36:32.252Z","trace":[{"column":16,"file":"node:net","function":"Server.setupListenHandle [as _listen2]","line":1463,"method":"setupListenHandle [as _listen2]","native":false},{"column":12,"file":"node:net","function":"listenInCluster","line":1511,"method":null,"native":false},{"column":7,"file":"node:net","function":"Server.listen","line":1599,"method":"listen","native":false},{"column":24,"file":"/home/user/CFPWorkSpace/neo4j-Project/neo4j-project./node_modules/express/lib/application.js","function":"Function.listen","line":635,"method":"listen","native":false},{"column":5,"file":"/home/user/CFPWorkSpace/neo4j-Project/neo4j-project./src/index.js","function":null,"line":36,"method":null,"native":false},{"column":14,"file":"node:internal/modules/cjs/loader","function":"Module._compile","line":1198,"method":"_compile","native":false},{"column":24,"file":"/home/user/CFPWorkSpace/neo4j-Project/neo4j-project./node_modules/pirates/lib/index.js","function":"Module._compile","line":117,"method":"_compile","native":false},{"column":10,"file":"node:internal/modules/cjs/loader","function":"Module._extensions..js","line":1252,"method":".js","native":false},{"column":7,"file":"/home/user/CFPWorkSpace/neo4j-Project/neo4j-project./node_modules/pirates/lib/index.js","function":"Object.newLoader [as .js]","line":121,"method":"js]","native":false},{"column":32,"file":"node:internal/modules/cjs/loader","function":"Module.load","line":1076,"method":"load","native":false},{"column":12,"file":"node:internal/modules/cjs/loader","function":"Module._load","line":911,"method":"_load","native":false},{"column":12,"file":"node:internal/modules/run_main","function":"Function.runMain","line":81,"method":"runMain","native":false},{"column":12,"file":"/home/user/CFPWorkSpace/neo4j-Project/neo4j-project./node_modules/@babel/node/src/_babel-node.ts","function":null,"line":222,"method":null,"native":false},{"column":14,"file":"node:internal/modules/cjs/loader","function":"Module._compile","line":1198,"method":"_compile","native":false},{"column":10,"file":"node:internal/modules/cjs/loader","function":"Module._extensions..js","line":1252,"method":".js","native":false},{"column":32,"file":"node:internal/modules/cjs/loader","function":"Module.load","line":1076,"method":"load","native":false},{"column":12,"file":"node:internal/modules/cjs/loader","function":"Module._load","line":911,"method":"_load","native":false},{"column":12,"file":"node:internal/modules/run_main","function":"Function.executeUserEntryPoint [as runMain]","line":81,"method":"executeUserEntryPoint [as runMain]","native":false},{"column":47,"file":"node:internal/main/run_main_module","function":null,"line":22,"method":null,"native":false}]}
error: uncaughtException: listen EADDRINUSE: address already in use :::3000
Error: listen EADDRINUSE: address already in use :::3000
    at Server.setupListenHandle [as _listen2] (node:net:1463:16)
    at listenInCluster (node:net:1511:12)
    at Server.listen (node:net:1599:7)
    at Function.listen (/home/user/CFPWorkSpace/neo4j-Project/neo4j-project./node_modules/express/lib/application.js:635:24)
    at Object.<anonymous> (/home/user/CFPWorkSpace/neo4j-Project/neo4j-project./src/index.js:36:5)
    at Module._compile (node:internal/modules/cjs/loader:1198:14)
    at Module._compile (/home/user/CFPWorkSpace/neo4j-Project/neo4j-project./node_modules/pirates/lib/index.js:117:24)
    at Module._extensions..js (node:internal/modules/cjs/loader:1252:10)
    at Object.newLoader [as .js] (/home/user/CFPWorkSpace/neo4j-Project/neo4j-project./node_modules/pirates/lib/index.js:121:7)
    at Module.load (node:internal/modules/cjs/loader:1076:32)
    at Function.Module._load (node:internal/modules/cjs/loader:911:12)
    at Function.runMain (node:internal/modules/run_main:81:12)
    at Object.<anonymous> (/home/user/CFPWorkSpace/neo4j-Project/neo4j-project./node_modules/@babel/node/src/_babel-node.ts:222:12)
    at Module._compile (node:internal/modules/cjs/loader:1198:14)
    at Object.Module._extensions..js (node:internal/modules/cjs/loader:1252:10)
    at Module.load (node:internal/modules/cjs/loader:1076:32)
    at Function.Module._load (node:internal/modules/cjs/loader:911:12)
    at Function.executeUserEntryPoint [as runMain] (node:internal/modules/run_main:81:12)
    at node:internal/main/run_main_module:22:47 {"date":"Wed Sep 06 2023 15:07:42 GMT+0530 (India Standard Time)","error":{"address":"::","code":"EADDRINUSE","errno":-98,"port":3000,"syscall":"listen"},"exception":true,"os":{"loadavg":[1.59,1.29,0.88],"uptime":316136.49},"process":{"argv":["node","/home/user/CFPWorkSpace/neo4j-Project/neo4j-project./src/index.js"],"cwd":"/home/user/CFPWorkSpace/neo4j-Project/neo4j-project.","execPath":"/usr/bin/node","gid":1000,"memoryUsage":{"arrayBuffers":654286,"external":9776680,"heapTotal":87216128,"heapUsed":56846480,"rss":139116544},"pid":79399,"uid":1000,"version":"v16.20.2"},"stack":"Error: listen EADDRINUSE: address already in use :::3000\n    at Server.setupListenHandle [as _listen2] (node:net:1463:16)\n    at listenInCluster (node:net:1511:12)\n    at Server.listen (node:net:1599:7)\n    at Function.listen (/home/user/CFPWorkSpace/neo4j-Project/neo4j-project./node_modules/express/lib/application.js:635:24)\n    at Object.<anonymous> (/home/user/CFPWorkSpace/neo4j-Project/neo4j-project./src/index.js:36:5)\n    at Module._compile (node:internal/modules/cjs/loader:1198:14)\n    at Module._compile (/home/user/CFPWorkSpace/neo4j-Project/neo4j-project./node_modules/pirates/lib/index.js:117:24)\n    at Module._extensions..js (node:internal/modules/cjs/loader:1252:10)\n    at Object.newLoader [as .js] (/home/user/CFPWorkSpace/neo4j-Project/neo4j-project./node_modules/pirates/lib/index.js:121:7)\n    at Module.load (node:internal/modules/cjs/loader:1076:32)\n    at Function.Module._load (node:internal/modules/cjs/loader:911:12)\n    at Function.runMain (node:internal/modules/run_main:81:12)\n    at Object.<anonymous> (/home/user/CFPWorkSpace/neo4j-Project/neo4j-project./node_modules/@babel/node/src/_babel-node.ts:222:12)\n    at Module._compile (node:internal/modules/cjs/loader:1198:14)\n    at Object.Module._extensions..js (node:internal/modules/cjs/loader:1252:10)\n    at Module.load (node:internal/modules/cjs/loader:1076:32)\n    at Function.Module._load (node:internal/modules/cjs/loader:911:12)\n    at Function.executeUserEntryPoint [as runMain] (node:internal/modules/run_main:81:12)\n    at node:internal/main/run_main_module:22:47","timestamp":"2023-09-06T09:37:42.755Z","trace":[{"column":16,"file":"node:net","function":"Server.setupListenHandle [as _listen2]","line":1463,"method":"setupListenHandle [as _listen2]","native":false},{"column":12,"file":"node:net","function":"listenInCluster","line":1511,"method":null,"native":false},{"column":7,"file":"node:net","function":"Server.listen","line":1599,"method":"listen","native":false},{"column":24,"file":"/home/user/CFPWorkSpace/neo4j-Project/neo4j-project./node_modules/express/lib/application.js","function":"Function.listen","line":635,"method":"listen","native":false},{"column":5,"file":"/home/user/CFPWorkSpace/neo4j-Project/neo4j-project./src/index.js","function":null,"line":36,"method":null,"native":false},{"column":14,"file":"node:internal/modules/cjs/loader","function":"Module._compile","line":1198,"method":"_compile","native":false},{"column":24,"file":"/home/user/CFPWorkSpace/neo4j-Project/neo4j-project./node_modules/pirates/lib/index.js","function":"Module._compile","line":117,"method":"_compile","native":false},{"column":10,"file":"node:internal/modules/cjs/loader","function":"Module._extensions..js","line":1252,"method":".js","native":false},{"column":7,"file":"/home/user/CFPWorkSpace/neo4j-Project/neo4j-project./node_modules/pirates/lib/index.js","function":"Object.newLoader [as .js]","line":121,"method":"js]","native":false},{"column":32,"file":"node:internal/modules/cjs/loader","function":"Module.load","line":1076,"method":"load","native":false},{"column":12,"file":"node:internal/modules/cjs/loader","function":"Module._load","line":911,"method":"_load","native":false},{"column":12,"file":"node:internal/modules/run_main","function":"Function.runMain","line":81,"method":"runMain","native":false},{"column":12,"file":"/home/user/CFPWorkSpace/neo4j-Project/neo4j-project./node_modules/@babel/node/src/_babel-node.ts","function":null,"line":222,"method":null,"native":false},{"column":14,"file":"node:internal/modules/cjs/loader","function":"Module._compile","line":1198,"method":"_compile","native":false},{"column":10,"file":"node:internal/modules/cjs/loader","function":"Module._extensions..js","line":1252,"method":".js","native":false},{"column":32,"file":"node:internal/modules/cjs/loader","function":"Module.load","line":1076,"method":"load","native":false},{"column":12,"file":"node:internal/modules/cjs/loader","function":"Module._load","line":911,"method":"_load","native":false},{"column":12,"file":"node:internal/modules/run_main","function":"Function.executeUserEntryPoint [as runMain]","line":81,"method":"executeUserEntryPoint [as runMain]","native":false},{"column":47,"file":"node:internal/main/run_main_module","function":null,"line":22,"method":null,"native":false}]}
info: Server started at http://localhost:3000/api/v1/ {"timestamp":"2023-09-06T09:38:14.606Z"}
info: Server started at http://localhost:3000/api/v1/ {"timestamp":"2023-09-06T09:45:10.164Z"}
info: Server started at http://localhost:3000/api/v1/ {"timestamp":"2023-09-06T09:45:37.321Z"}
info: Server started at http://localhost:3000/api/v1/ {"timestamp":"2023-09-06T09:45:41.970Z"}
info: Server started at http://localhost:3000/api/v1/ {"timestamp":"2023-09-06T09:47:41.810Z"}
info: Server started at http://localhost:3000/api/v1/ {"timestamp":"2023-09-06T09:49:42.680Z"}
info: Server started at http://localhost:3000/api/v1/ {"timestamp":"2023-09-06T09:51:52.046Z"}
info: Server started at http://localhost:3000/api/v1/ {"timestamp":"2023-09-06T10:23:32.062Z"}
info: Server started at http://localhost:3000/api/v1/ {"timestamp":"2023-09-06T10:24:00.804Z"}
info: Server started at http://localhost:3000/api/v1/ {"timestamp":"2023-09-06T10:24:13.179Z"}
