error: 
    status - 500 
    message - ReferenceError: bcrypt is not defined
    at _callee$ (/home/user/CFPWorkSpace/neo4j-Project/neo4j-project./src/services/user.service.js:9:24)
    at tryCatch (/home/user/CFPWorkSpace/neo4j-Project/neo4j-project./node_modules/@babel/runtime/helpers/regeneratorRuntime.js:45:16)
    at Generator.<anonymous> (/home/user/CFPWorkSpace/neo4j-Project/neo4j-project./node_modules/@babel/runtime/helpers/regeneratorRuntime.js:133:17)
    at Generator.next (/home/user/CFPWorkSpace/neo4j-Project/neo4j-project./node_modules/@babel/runtime/helpers/regeneratorRuntime.js:74:21)
    at asyncGeneratorStep (/home/user/CFPWorkSpace/neo4j-Project/neo4j-project./node_modules/@babel/runtime/helpers/asyncToGenerator.js:3:24)
    at _next (/home/user/CFPWorkSpace/neo4j-Project/neo4j-project./node_modules/@babel/runtime/helpers/asyncToGenerator.js:22:9)
    at /home/user/CFPWorkSpace/neo4j-Project/neo4j-project./node_modules/@babel/runtime/helpers/asyncToGenerator.js:27:7
    at new Promise (<anonymous>)
    at Object.apply (/home/user/CFPWorkSpace/neo4j-Project/neo4j-project./node_modules/@babel/runtime/helpers/asyncToGenerator.js:19:12)
    at Object.registerNewUser (/home/user/CFPWorkSpace/neo4j-Project/neo4j-project./src/services/user.service.js:5:29)
    at _callee$ (/home/user/CFPWorkSpace/neo4j-Project/neo4j-project./src/controllers/user.controller.js:13:36)
    at tryCatch (/home/user/CFPWorkSpace/neo4j-Project/neo4j-project./node_modules/@babel/runtime/helpers/regeneratorRuntime.js:45:16)
    at Generator.<anonymous> (/home/user/CFPWorkSpace/neo4j-Project/neo4j-project./node_modules/@babel/runtime/helpers/regeneratorRuntime.js:133:17)
    at Generator.next (/home/user/CFPWorkSpace/neo4j-Project/neo4j-project./node_modules/@babel/runtime/helpers/regeneratorRuntime.js:74:21)
    at asyncGeneratorStep (/home/user/CFPWorkSpace/neo4j-Project/neo4j-project./node_modules/@babel/runtime/helpers/asyncToGenerator.js:3:24)
    at _next (/home/user/CFPWorkSpace/neo4j-Project/neo4j-project./node_modules/@babel/runtime/helpers/asyncToGenerator.js:22:9)
    at /home/user/CFPWorkSpace/neo4j-Project/neo4j-project./node_modules/@babel/runtime/helpers/asyncToGenerator.js:27:7
    at new Promise (<anonymous>)
    at apply (/home/user/CFPWorkSpace/neo4j-Project/neo4j-project./node_modules/@babel/runtime/helpers/asyncToGenerator.js:19:12)
    at registerNewUser (/home/user/CFPWorkSpace/neo4j-Project/neo4j-project./src/controllers/user.controller.js:11:29)
    at Layer.handle [as handle_request] (/home/user/CFPWorkSpace/neo4j-Project/neo4j-project./node_modules/express/lib/router/layer.js:95:5)
    at next (/home/user/CFPWorkSpace/neo4j-Project/neo4j-project./node_modules/express/lib/router/route.js:144:13)
    at Route.dispatch (/home/user/CFPWorkSpace/neo4j-Project/neo4j-project./node_modules/express/lib/router/route.js:114:3)
    at Layer.handle [as handle_request] (/home/user/CFPWorkSpace/neo4j-Project/neo4j-project./node_modules/express/lib/router/layer.js:95:5)
    at /home/user/CFPWorkSpace/neo4j-Project/neo4j-project./node_modules/express/lib/router/index.js:284:15
    at Function.process_params (/home/user/CFPWorkSpace/neo4j-Project/neo4j-project./node_modules/express/lib/router/index.js:346:12)
    at next (/home/user/CFPWorkSpace/neo4j-Project/neo4j-project./node_modules/express/lib/router/index.js:280:10)
    at Function.handle (/home/user/CFPWorkSpace/neo4j-Project/neo4j-project./node_modules/express/lib/router/index.js:175:3)
    at router (/home/user/CFPWorkSpace/neo4j-Project/neo4j-project./node_modules/express/lib/router/index.js:47:12)
    at Layer.handle [as handle_request] (/home/user/CFPWorkSpace/neo4j-Project/neo4j-project./node_modules/express/lib/router/layer.js:95:5)
    at trim_prefix (/home/user/CFPWorkSpace/neo4j-Project/neo4j-project./node_modules/express/lib/router/index.js:328:13)
    at /home/user/CFPWorkSpace/neo4j-Project/neo4j-project./node_modules/express/lib/router/index.js:286:9
    at Function.process_params (/home/user/CFPWorkSpace/neo4j-Project/neo4j-project./node_modules/express/lib/router/index.js:346:12)
    at next (/home/user/CFPWorkSpace/neo4j-Project/neo4j-project./node_modules/express/lib/router/index.js:280:10)
    at Function.handle (/home/user/CFPWorkSpace/neo4j-Project/neo4j-project./node_modules/express/lib/router/index.js:175:3)
    at router (/home/user/CFPWorkSpace/neo4j-Project/neo4j-project./node_modules/express/lib/router/index.js:47:12)
    at Layer.handle [as handle_request] (/home/user/CFPWorkSpace/neo4j-Project/neo4j-project./node_modules/express/lib/router/layer.js:95:5)
    at trim_prefix (/home/user/CFPWorkSpace/neo4j-Project/neo4j-project./node_modules/express/lib/router/index.js:328:13)
    at /home/user/CFPWorkSpace/neo4j-Project/neo4j-project./node_modules/express/lib/router/index.js:286:9
    at Function.process_params (/home/user/CFPWorkSpace/neo4j-Project/neo4j-project./node_modules/express/lib/router/index.js:346:12)
    at next (/home/user/CFPWorkSpace/neo4j-Project/neo4j-project./node_modules/express/lib/router/index.js:280:10)
    at logger (/home/user/CFPWorkSpace/neo4j-Project/neo4j-project./node_modules/morgan/index.js:144:5)
    at Layer.handle [as handle_request] (/home/user/CFPWorkSpace/neo4j-Project/neo4j-project./node_modules/express/lib/router/layer.js:95:5)
    at trim_prefix (/home/user/CFPWorkSpace/neo4j-Project/neo4j-project./node_modules/express/lib/router/index.js:328:13)
    at /home/user/CFPWorkSpace/neo4j-Project/neo4j-project./node_modules/express/lib/router/index.js:286:9
    at Function.process_params (/home/user/CFPWorkSpace/neo4j-Project/neo4j-project./node_modules/express/lib/router/index.js:346:12)
    at next (/home/user/CFPWorkSpace/neo4j-Project/neo4j-project./node_modules/express/lib/router/index.js:280:10)
    at /home/user/CFPWorkSpace/neo4j-Project/neo4j-project./node_modules/body-parser/lib/read.js:137:5
    at AsyncResource.runInAsyncScope (node:async_hooks:203:9)
    at invokeCallback (/home/user/CFPWorkSpace/neo4j-Project/neo4j-project./node_modules/raw-body/index.js:231:16) 
    url - /api/v1/users 
    method - POST 
    IP - ::ffff:127.0.0.1
   {"timestamp":"2023-09-03T18:33:10.771Z"}
error: 
    status - 500 
    message - ReferenceError: username is not defined
    at _callee$ (/home/user/CFPWorkSpace/neo4j-Project/neo4j-project./src/services/user.service.js:15:7)
    at tryCatch (/home/user/CFPWorkSpace/neo4j-Project/neo4j-project./node_modules/@babel/runtime/helpers/regeneratorRuntime.js:45:16)
    at Generator.<anonymous> (/home/user/CFPWorkSpace/neo4j-Project/neo4j-project./node_modules/@babel/runtime/helpers/regeneratorRuntime.js:133:17)
    at Generator.next (/home/user/CFPWorkSpace/neo4j-Project/neo4j-project./node_modules/@babel/runtime/helpers/regeneratorRuntime.js:74:21)
    at asyncGeneratorStep (/home/user/CFPWorkSpace/neo4j-Project/neo4j-project./node_modules/@babel/runtime/helpers/asyncToGenerator.js:3:24)
    at _next (/home/user/CFPWorkSpace/neo4j-Project/neo4j-project./node_modules/@babel/runtime/helpers/asyncToGenerator.js:22:9) 
    url - /api/v1/users 
    method - POST 
    IP - ::ffff:127.0.0.1
   {"timestamp":"2023-09-03T18:34:04.260Z"}
error: 
    status - 500 
    message - ReferenceError: username is not defined
    at _callee$ (/home/user/CFPWorkSpace/neo4j-Project/neo4j-project./src/services/user.service.js:15:7)
    at tryCatch (/home/user/CFPWorkSpace/neo4j-Project/neo4j-project./node_modules/@babel/runtime/helpers/regeneratorRuntime.js:45:16)
    at Generator.<anonymous> (/home/user/CFPWorkSpace/neo4j-Project/neo4j-project./node_modules/@babel/runtime/helpers/regeneratorRuntime.js:133:17)
    at Generator.next (/home/user/CFPWorkSpace/neo4j-Project/neo4j-project./node_modules/@babel/runtime/helpers/regeneratorRuntime.js:74:21)
    at asyncGeneratorStep (/home/user/CFPWorkSpace/neo4j-Project/neo4j-project./node_modules/@babel/runtime/helpers/asyncToGenerator.js:3:24)
    at _next (/home/user/CFPWorkSpace/neo4j-Project/neo4j-project./node_modules/@babel/runtime/helpers/asyncToGenerator.js:22:9) 
    url - /api/v1/users 
    method - POST 
    IP - ::ffff:127.0.0.1
   {"timestamp":"2023-09-03T18:34:38.066Z"}
error: 
    status - 500 
    message - ReferenceError: username is not defined
    at _callee$ (/home/user/CFPWorkSpace/neo4j-Project/neo4j-project./src/services/user.service.js:15:7)
    at tryCatch (/home/user/CFPWorkSpace/neo4j-Project/neo4j-project./node_modules/@babel/runtime/helpers/regeneratorRuntime.js:45:16)
    at Generator.<anonymous> (/home/user/CFPWorkSpace/neo4j-Project/neo4j-project./node_modules/@babel/runtime/helpers/regeneratorRuntime.js:133:17)
    at Generator.next (/home/user/CFPWorkSpace/neo4j-Project/neo4j-project./node_modules/@babel/runtime/helpers/regeneratorRuntime.js:74:21)
    at asyncGeneratorStep (/home/user/CFPWorkSpace/neo4j-Project/neo4j-project./node_modules/@babel/runtime/helpers/asyncToGenerator.js:3:24)
    at _next (/home/user/CFPWorkSpace/neo4j-Project/neo4j-project./node_modules/@babel/runtime/helpers/asyncToGenerator.js:22:9) 
    url - /api/v1/users 
    method - POST 
    IP - ::ffff:127.0.0.1
   {"timestamp":"2023-09-03T18:35:30.404Z"}
error: 
    status - 500 
    message - TypeError: _neo4jDriver.session.run is not a function
    at _callee$ (/home/user/CFPWorkSpace/neo4j-Project/neo4j-project./src/services/user.service.js:13:44)
    at tryCatch (/home/user/CFPWorkSpace/neo4j-Project/neo4j-project./node_modules/@babel/runtime/helpers/regeneratorRuntime.js:45:16)
    at Generator.<anonymous> (/home/user/CFPWorkSpace/neo4j-Project/neo4j-project./node_modules/@babel/runtime/helpers/regeneratorRuntime.js:133:17)
    at Generator.next (/home/user/CFPWorkSpace/neo4j-Project/neo4j-project./node_modules/@babel/runtime/helpers/regeneratorRuntime.js:74:21)
    at asyncGeneratorStep (/home/user/CFPWorkSpace/neo4j-Project/neo4j-project./node_modules/@babel/runtime/helpers/asyncToGenerator.js:3:24)
    at _next (/home/user/CFPWorkSpace/neo4j-Project/neo4j-project./node_modules/@babel/runtime/helpers/asyncToGenerator.js:22:9) 
    url - /api/v1/users 
    method - POST 
    IP - ::ffff:127.0.0.1
   {"timestamp":"2023-09-03T18:35:59.725Z"}
error: 
    status - 500 
    message - Neo4jError: Expected parameter(s): hasedPassword
: 
    at captureStacktrace (/home/user/CFPWorkSpace/neo4j-Project/neo4j-project./node_modules/neo4j-driver-core/lib/result.js:611:17)
    at new Result (/home/user/CFPWorkSpace/neo4j-Project/neo4j-project./node_modules/neo4j-driver-core/lib/result.js:105:23)
    at Session._run (/home/user/CFPWorkSpace/neo4j-Project/neo4j-project./node_modules/neo4j-driver-core/lib/session.js:230:16)
    at Session.run (/home/user/CFPWorkSpace/neo4j-Project/neo4j-project./node_modules/neo4j-driver-core/lib/session.js:180:27)
    at _callee$ (/home/user/CFPWorkSpace/neo4j-Project/neo4j-project./src/services/user.service.js:24:42)
    at tryCatch (/home/user/CFPWorkSpace/neo4j-Project/neo4j-project./node_modules/@babel/runtime/helpers/regeneratorRuntime.js:45:16)
    at Generator.<anonymous> (/home/user/CFPWorkSpace/neo4j-Project/neo4j-project./node_modules/@babel/runtime/helpers/regeneratorRuntime.js:133:17)
    at Generator.next (/home/user/CFPWorkSpace/neo4j-Project/neo4j-project./node_modules/@babel/runtime/helpers/regeneratorRuntime.js:74:21)
    at asyncGeneratorStep (/home/user/CFPWorkSpace/neo4j-Project/neo4j-project./node_modules/@babel/runtime/helpers/asyncToGenerator.js:3:24)
    at _next (/home/user/CFPWorkSpace/neo4j-Project/neo4j-project./node_modules/@babel/runtime/helpers/asyncToGenerator.js:22:9)
    at processTicksAndRejections (node:internal/process/task_queues:96:5) 
    url - /api/v1/users 
    method - POST 
    IP - ::ffff:127.0.0.1
   {"timestamp":"2023-09-03T18:38:50.045Z"}
error: 
    status - 500 
    message - Error: Username already exists
    at _callee$ (/home/user/CFPWorkSpace/neo4j-Project/neo4j-project./src/services/user.service.js:19:11)
    at tryCatch (/home/user/CFPWorkSpace/neo4j-Project/neo4j-project./node_modules/@babel/runtime/helpers/regeneratorRuntime.js:45:16)
    at Generator.<anonymous> (/home/user/CFPWorkSpace/neo4j-Project/neo4j-project./node_modules/@babel/runtime/helpers/regeneratorRuntime.js:133:17)
    at Generator.next (/home/user/CFPWorkSpace/neo4j-Project/neo4j-project./node_modules/@babel/runtime/helpers/regeneratorRuntime.js:74:21)
    at asyncGeneratorStep (/home/user/CFPWorkSpace/neo4j-Project/neo4j-project./node_modules/@babel/runtime/helpers/asyncToGenerator.js:3:24)
    at _next (/home/user/CFPWorkSpace/neo4j-Project/neo4j-project./node_modules/@babel/runtime/helpers/asyncToGenerator.js:22:9)
    at processTicksAndRejections (node:internal/process/task_queues:96:5) 
    url - /api/v1/users 
    method - POST 
    IP - ::ffff:127.0.0.1
   {"timestamp":"2023-09-03T18:40:35.784Z"}
error: 
    status - 500 
    message - ReferenceError: HttpStatus is not defined
    at newUserValidator (/home/user/CFPWorkSpace/neo4j-Project/neo4j-project./src/validators/user.validator.js:12:16)
    at Layer.handle [as handle_request] (/home/user/CFPWorkSpace/neo4j-Project/neo4j-project./node_modules/express/lib/router/layer.js:95:5)
    at next (/home/user/CFPWorkSpace/neo4j-Project/neo4j-project./node_modules/express/lib/router/route.js:144:13)
    at Route.dispatch (/home/user/CFPWorkSpace/neo4j-Project/neo4j-project./node_modules/express/lib/router/route.js:114:3)
    at Layer.handle [as handle_request] (/home/user/CFPWorkSpace/neo4j-Project/neo4j-project./node_modules/express/lib/router/layer.js:95:5)
    at /home/user/CFPWorkSpace/neo4j-Project/neo4j-project./node_modules/express/lib/router/index.js:284:15
    at Function.process_params (/home/user/CFPWorkSpace/neo4j-Project/neo4j-project./node_modules/express/lib/router/index.js:346:12)
    at next (/home/user/CFPWorkSpace/neo4j-Project/neo4j-project./node_modules/express/lib/router/index.js:280:10)
    at Function.handle (/home/user/CFPWorkSpace/neo4j-Project/neo4j-project./node_modules/express/lib/router/index.js:175:3)
    at router (/home/user/CFPWorkSpace/neo4j-Project/neo4j-project./node_modules/express/lib/router/index.js:47:12)
    at Layer.handle [as handle_request] (/home/user/CFPWorkSpace/neo4j-Project/neo4j-project./node_modules/express/lib/router/layer.js:95:5)
    at trim_prefix (/home/user/CFPWorkSpace/neo4j-Project/neo4j-project./node_modules/express/lib/router/index.js:328:13)
    at /home/user/CFPWorkSpace/neo4j-Project/neo4j-project./node_modules/express/lib/router/index.js:286:9
    at Function.process_params (/home/user/CFPWorkSpace/neo4j-Project/neo4j-project./node_modules/express/lib/router/index.js:346:12)
    at next (/home/user/CFPWorkSpace/neo4j-Project/neo4j-project./node_modules/express/lib/router/index.js:280:10)
    at Function.handle (/home/user/CFPWorkSpace/neo4j-Project/neo4j-project./node_modules/express/lib/router/index.js:175:3)
    at router (/home/user/CFPWorkSpace/neo4j-Project/neo4j-project./node_modules/express/lib/router/index.js:47:12)
    at Layer.handle [as handle_request] (/home/user/CFPWorkSpace/neo4j-Project/neo4j-project./node_modules/express/lib/router/layer.js:95:5)
    at trim_prefix (/home/user/CFPWorkSpace/neo4j-Project/neo4j-project./node_modules/express/lib/router/index.js:328:13)
    at /home/user/CFPWorkSpace/neo4j-Project/neo4j-project./node_modules/express/lib/router/index.js:286:9
    at Function.process_params (/home/user/CFPWorkSpace/neo4j-Project/neo4j-project./node_modules/express/lib/router/index.js:346:12)
    at next (/home/user/CFPWorkSpace/neo4j-Project/neo4j-project./node_modules/express/lib/router/index.js:280:10)
    at logger (/home/user/CFPWorkSpace/neo4j-Project/neo4j-project./node_modules/morgan/index.js:144:5)
    at Layer.handle [as handle_request] (/home/user/CFPWorkSpace/neo4j-Project/neo4j-project./node_modules/express/lib/router/layer.js:95:5)
    at trim_prefix (/home/user/CFPWorkSpace/neo4j-Project/neo4j-project./node_modules/express/lib/router/index.js:328:13)
    at /home/user/CFPWorkSpace/neo4j-Project/neo4j-project./node_modules/express/lib/router/index.js:286:9
    at Function.process_params (/home/user/CFPWorkSpace/neo4j-Project/neo4j-project./node_modules/express/lib/router/index.js:346:12)
    at next (/home/user/CFPWorkSpace/neo4j-Project/neo4j-project./node_modules/express/lib/router/index.js:280:10)
    at /home/user/CFPWorkSpace/neo4j-Project/neo4j-project./node_modules/body-parser/lib/read.js:137:5
    at AsyncResource.runInAsyncScope (node:async_hooks:203:9)
    at invokeCallback (/home/user/CFPWorkSpace/neo4j-Project/neo4j-project./node_modules/raw-body/index.js:231:16)
    at done (/home/user/CFPWorkSpace/neo4j-Project/neo4j-project./node_modules/raw-body/index.js:220:7)
    at IncomingMessage.onEnd (/home/user/CFPWorkSpace/neo4j-Project/neo4j-project./node_modules/raw-body/index.js:280:7)
    at IncomingMessage.emit (node:events:525:35)
    at IncomingMessage.emit (node:domain:489:12)
    at endReadableNT (node:internal/streams/readable:1358:12)
    at processTicksAndRejections (node:internal/process/task_queues:83:21) 
    url - /api/v1/users 
    method - POST 
    IP - ::ffff:127.0.0.1
   {"timestamp":"2023-09-05T12:29:35.381Z"}
error: uncaughtException: listen EADDRINUSE: address already in use :::3000
Error: listen EADDRINUSE: address already in use :::3000
    at Server.setupListenHandle [as _listen2] (node:net:1463:16)
    at listenInCluster (node:net:1511:12)
    at Server.listen (node:net:1599:7)
    at Function.listen (/home/user/CFPWorkSpace/neo4j-Project/neo4j-project./node_modules/express/lib/application.js:635:24)
    at Object.<anonymous> (/home/user/CFPWorkSpace/neo4j-Project/neo4j-project./src/index.js:36:5)
    at Module._compile (node:internal/modules/cjs/loader:1198:14)
    at Module._compile (/home/user/CFPWorkSpace/neo4j-Project/neo4j-project./node_modules/pirates/lib/index.js:117:24)
    at Module._extensions..js (node:internal/modules/cjs/loader:1252:10)
    at Object.newLoader [as .js] (/home/user/CFPWorkSpace/neo4j-Project/neo4j-project./node_modules/pirates/lib/index.js:121:7)
    at Module.load (node:internal/modules/cjs/loader:1076:32)
    at Function.Module._load (node:internal/modules/cjs/loader:911:12)
    at Function.runMain (node:internal/modules/run_main:81:12)
    at Object.<anonymous> (/home/user/CFPWorkSpace/neo4j-Project/neo4j-project./node_modules/@babel/node/src/_babel-node.ts:222:12)
    at Module._compile (node:internal/modules/cjs/loader:1198:14)
    at Object.Module._extensions..js (node:internal/modules/cjs/loader:1252:10)
    at Module.load (node:internal/modules/cjs/loader:1076:32)
    at Function.Module._load (node:internal/modules/cjs/loader:911:12)
    at Function.executeUserEntryPoint [as runMain] (node:internal/modules/run_main:81:12)
    at node:internal/main/run_main_module:22:47 {"date":"Wed Sep 06 2023 15:06:32 GMT+0530 (India Standard Time)","error":{"address":"::","code":"EADDRINUSE","errno":-98,"port":3000,"syscall":"listen"},"exception":true,"os":{"loadavg":[1.1,1.13,0.79],"uptime":316065.99},"process":{"argv":["node","/home/user/CFPWorkSpace/neo4j-Project/neo4j-project./src/index.js"],"cwd":"/home/user/CFPWorkSpace/neo4j-Project/neo4j-project.","execPath":"/usr/bin/node","gid":1000,"memoryUsage":{"arrayBuffers":995993,"external":9729485,"heapTotal":86929408,"heapUsed":58576552,"rss":140607488},"pid":79126,"uid":1000,"version":"v16.20.2"},"stack":"Error: listen EADDRINUSE: address already in use :::3000\n    at Server.setupListenHandle [as _listen2] (node:net:1463:16)\n    at listenInCluster (node:net:1511:12)\n    at Server.listen (node:net:1599:7)\n    at Function.listen (/home/user/CFPWorkSpace/neo4j-Project/neo4j-project./node_modules/express/lib/application.js:635:24)\n    at Object.<anonymous> (/home/user/CFPWorkSpace/neo4j-Project/neo4j-project./src/index.js:36:5)\n    at Module._compile (node:internal/modules/cjs/loader:1198:14)\n    at Module._compile (/home/user/CFPWorkSpace/neo4j-Project/neo4j-project./node_modules/pirates/lib/index.js:117:24)\n    at Module._extensions..js (node:internal/modules/cjs/loader:1252:10)\n    at Object.newLoader [as .js] (/home/user/CFPWorkSpace/neo4j-Project/neo4j-project./node_modules/pirates/lib/index.js:121:7)\n    at Module.load (node:internal/modules/cjs/loader:1076:32)\n    at Function.Module._load (node:internal/modules/cjs/loader:911:12)\n    at Function.runMain (node:internal/modules/run_main:81:12)\n    at Object.<anonymous> (/home/user/CFPWorkSpace/neo4j-Project/neo4j-project./node_modules/@babel/node/src/_babel-node.ts:222:12)\n    at Module._compile (node:internal/modules/cjs/loader:1198:14)\n    at Object.Module._extensions..js (node:internal/modules/cjs/loader:1252:10)\n    at Module.load (node:internal/modules/cjs/loader:1076:32)\n    at Function.Module._load (node:internal/modules/cjs/loader:911:12)\n    at Function.executeUserEntryPoint [as runMain] (node:internal/modules/run_main:81:12)\n    at node:internal/main/run_main_module:22:47","timestamp":"2023-09-06T09:36:32.252Z","trace":[{"column":16,"file":"node:net","function":"Server.setupListenHandle [as _listen2]","line":1463,"method":"setupListenHandle [as _listen2]","native":false},{"column":12,"file":"node:net","function":"listenInCluster","line":1511,"method":null,"native":false},{"column":7,"file":"node:net","function":"Server.listen","line":1599,"method":"listen","native":false},{"column":24,"file":"/home/user/CFPWorkSpace/neo4j-Project/neo4j-project./node_modules/express/lib/application.js","function":"Function.listen","line":635,"method":"listen","native":false},{"column":5,"file":"/home/user/CFPWorkSpace/neo4j-Project/neo4j-project./src/index.js","function":null,"line":36,"method":null,"native":false},{"column":14,"file":"node:internal/modules/cjs/loader","function":"Module._compile","line":1198,"method":"_compile","native":false},{"column":24,"file":"/home/user/CFPWorkSpace/neo4j-Project/neo4j-project./node_modules/pirates/lib/index.js","function":"Module._compile","line":117,"method":"_compile","native":false},{"column":10,"file":"node:internal/modules/cjs/loader","function":"Module._extensions..js","line":1252,"method":".js","native":false},{"column":7,"file":"/home/user/CFPWorkSpace/neo4j-Project/neo4j-project./node_modules/pirates/lib/index.js","function":"Object.newLoader [as .js]","line":121,"method":"js]","native":false},{"column":32,"file":"node:internal/modules/cjs/loader","function":"Module.load","line":1076,"method":"load","native":false},{"column":12,"file":"node:internal/modules/cjs/loader","function":"Module._load","line":911,"method":"_load","native":false},{"column":12,"file":"node:internal/modules/run_main","function":"Function.runMain","line":81,"method":"runMain","native":false},{"column":12,"file":"/home/user/CFPWorkSpace/neo4j-Project/neo4j-project./node_modules/@babel/node/src/_babel-node.ts","function":null,"line":222,"method":null,"native":false},{"column":14,"file":"node:internal/modules/cjs/loader","function":"Module._compile","line":1198,"method":"_compile","native":false},{"column":10,"file":"node:internal/modules/cjs/loader","function":"Module._extensions..js","line":1252,"method":".js","native":false},{"column":32,"file":"node:internal/modules/cjs/loader","function":"Module.load","line":1076,"method":"load","native":false},{"column":12,"file":"node:internal/modules/cjs/loader","function":"Module._load","line":911,"method":"_load","native":false},{"column":12,"file":"node:internal/modules/run_main","function":"Function.executeUserEntryPoint [as runMain]","line":81,"method":"executeUserEntryPoint [as runMain]","native":false},{"column":47,"file":"node:internal/main/run_main_module","function":null,"line":22,"method":null,"native":false}]}
error: uncaughtException: listen EADDRINUSE: address already in use :::3000
Error: listen EADDRINUSE: address already in use :::3000
    at Server.setupListenHandle [as _listen2] (node:net:1463:16)
    at listenInCluster (node:net:1511:12)
    at Server.listen (node:net:1599:7)
    at Function.listen (/home/user/CFPWorkSpace/neo4j-Project/neo4j-project./node_modules/express/lib/application.js:635:24)
    at Object.<anonymous> (/home/user/CFPWorkSpace/neo4j-Project/neo4j-project./src/index.js:36:5)
    at Module._compile (node:internal/modules/cjs/loader:1198:14)
    at Module._compile (/home/user/CFPWorkSpace/neo4j-Project/neo4j-project./node_modules/pirates/lib/index.js:117:24)
    at Module._extensions..js (node:internal/modules/cjs/loader:1252:10)
    at Object.newLoader [as .js] (/home/user/CFPWorkSpace/neo4j-Project/neo4j-project./node_modules/pirates/lib/index.js:121:7)
    at Module.load (node:internal/modules/cjs/loader:1076:32)
    at Function.Module._load (node:internal/modules/cjs/loader:911:12)
    at Function.runMain (node:internal/modules/run_main:81:12)
    at Object.<anonymous> (/home/user/CFPWorkSpace/neo4j-Project/neo4j-project./node_modules/@babel/node/src/_babel-node.ts:222:12)
    at Module._compile (node:internal/modules/cjs/loader:1198:14)
    at Object.Module._extensions..js (node:internal/modules/cjs/loader:1252:10)
    at Module.load (node:internal/modules/cjs/loader:1076:32)
    at Function.Module._load (node:internal/modules/cjs/loader:911:12)
    at Function.executeUserEntryPoint [as runMain] (node:internal/modules/run_main:81:12)
    at node:internal/main/run_main_module:22:47 {"date":"Wed Sep 06 2023 15:07:42 GMT+0530 (India Standard Time)","error":{"address":"::","code":"EADDRINUSE","errno":-98,"port":3000,"syscall":"listen"},"exception":true,"os":{"loadavg":[1.59,1.29,0.88],"uptime":316136.49},"process":{"argv":["node","/home/user/CFPWorkSpace/neo4j-Project/neo4j-project./src/index.js"],"cwd":"/home/user/CFPWorkSpace/neo4j-Project/neo4j-project.","execPath":"/usr/bin/node","gid":1000,"memoryUsage":{"arrayBuffers":654286,"external":9776680,"heapTotal":87216128,"heapUsed":56846480,"rss":139116544},"pid":79399,"uid":1000,"version":"v16.20.2"},"stack":"Error: listen EADDRINUSE: address already in use :::3000\n    at Server.setupListenHandle [as _listen2] (node:net:1463:16)\n    at listenInCluster (node:net:1511:12)\n    at Server.listen (node:net:1599:7)\n    at Function.listen (/home/user/CFPWorkSpace/neo4j-Project/neo4j-project./node_modules/express/lib/application.js:635:24)\n    at Object.<anonymous> (/home/user/CFPWorkSpace/neo4j-Project/neo4j-project./src/index.js:36:5)\n    at Module._compile (node:internal/modules/cjs/loader:1198:14)\n    at Module._compile (/home/user/CFPWorkSpace/neo4j-Project/neo4j-project./node_modules/pirates/lib/index.js:117:24)\n    at Module._extensions..js (node:internal/modules/cjs/loader:1252:10)\n    at Object.newLoader [as .js] (/home/user/CFPWorkSpace/neo4j-Project/neo4j-project./node_modules/pirates/lib/index.js:121:7)\n    at Module.load (node:internal/modules/cjs/loader:1076:32)\n    at Function.Module._load (node:internal/modules/cjs/loader:911:12)\n    at Function.runMain (node:internal/modules/run_main:81:12)\n    at Object.<anonymous> (/home/user/CFPWorkSpace/neo4j-Project/neo4j-project./node_modules/@babel/node/src/_babel-node.ts:222:12)\n    at Module._compile (node:internal/modules/cjs/loader:1198:14)\n    at Object.Module._extensions..js (node:internal/modules/cjs/loader:1252:10)\n    at Module.load (node:internal/modules/cjs/loader:1076:32)\n    at Function.Module._load (node:internal/modules/cjs/loader:911:12)\n    at Function.executeUserEntryPoint [as runMain] (node:internal/modules/run_main:81:12)\n    at node:internal/main/run_main_module:22:47","timestamp":"2023-09-06T09:37:42.755Z","trace":[{"column":16,"file":"node:net","function":"Server.setupListenHandle [as _listen2]","line":1463,"method":"setupListenHandle [as _listen2]","native":false},{"column":12,"file":"node:net","function":"listenInCluster","line":1511,"method":null,"native":false},{"column":7,"file":"node:net","function":"Server.listen","line":1599,"method":"listen","native":false},{"column":24,"file":"/home/user/CFPWorkSpace/neo4j-Project/neo4j-project./node_modules/express/lib/application.js","function":"Function.listen","line":635,"method":"listen","native":false},{"column":5,"file":"/home/user/CFPWorkSpace/neo4j-Project/neo4j-project./src/index.js","function":null,"line":36,"method":null,"native":false},{"column":14,"file":"node:internal/modules/cjs/loader","function":"Module._compile","line":1198,"method":"_compile","native":false},{"column":24,"file":"/home/user/CFPWorkSpace/neo4j-Project/neo4j-project./node_modules/pirates/lib/index.js","function":"Module._compile","line":117,"method":"_compile","native":false},{"column":10,"file":"node:internal/modules/cjs/loader","function":"Module._extensions..js","line":1252,"method":".js","native":false},{"column":7,"file":"/home/user/CFPWorkSpace/neo4j-Project/neo4j-project./node_modules/pirates/lib/index.js","function":"Object.newLoader [as .js]","line":121,"method":"js]","native":false},{"column":32,"file":"node:internal/modules/cjs/loader","function":"Module.load","line":1076,"method":"load","native":false},{"column":12,"file":"node:internal/modules/cjs/loader","function":"Module._load","line":911,"method":"_load","native":false},{"column":12,"file":"node:internal/modules/run_main","function":"Function.runMain","line":81,"method":"runMain","native":false},{"column":12,"file":"/home/user/CFPWorkSpace/neo4j-Project/neo4j-project./node_modules/@babel/node/src/_babel-node.ts","function":null,"line":222,"method":null,"native":false},{"column":14,"file":"node:internal/modules/cjs/loader","function":"Module._compile","line":1198,"method":"_compile","native":false},{"column":10,"file":"node:internal/modules/cjs/loader","function":"Module._extensions..js","line":1252,"method":".js","native":false},{"column":32,"file":"node:internal/modules/cjs/loader","function":"Module.load","line":1076,"method":"load","native":false},{"column":12,"file":"node:internal/modules/cjs/loader","function":"Module._load","line":911,"method":"_load","native":false},{"column":12,"file":"node:internal/modules/run_main","function":"Function.executeUserEntryPoint [as runMain]","line":81,"method":"executeUserEntryPoint [as runMain]","native":false},{"column":47,"file":"node:internal/main/run_main_module","function":null,"line":22,"method":null,"native":false}]}
